<?xml version="1.0" encoding="utf-8"?>
<coverage version="1" timestamp="1709913600" lines-valid="120" lines-covered="95" line-rate="0.7917" branches-valid="0" branches-covered="0" branch-rate="1" complexity="0">
  <packages>
    <package name="MyApp" line-rate="0.8" branch-rate="1" complexity="0">
      <classes>
        <class name="MyApp.Services.UserService" filename="src/Services/UserService.cs" line-rate="0.9" branch-rate="1" complexity="0">
          <lines>
            <line number="10" hits="3" branch="False"/>
            <line number="11" hits="3" branch="False"/>
            <line number="12" hits="3" branch="False"/>
            <line number="15" hits="0" branch="False"/>
            <line number="20" hits="5" branch="False"/>
            <line number="21" hits="5" branch="False"/>
            <line number="25" hits="0" branch="False"/>
            <line number="30" hits="2" branch="False"/>
          </lines>
        </class>
        <class name="MyApp.Models.User" filename="src/Models/User.cs" line-rate="1.0" branch-rate="1" complexity="0">
          <lines>
            <line number="5" hits="10" branch="False"/>
            <line number="6" hits="10" branch="False"/>
            <line number="7" hits="10" branch="False"/>
            <line number="8" hits="10" branch="False"/>
          </lines>
        </class>
        <class name="MyApp.Controllers.AuthController" filename="src/Controllers/AuthController.cs" line-rate="0.6" branch-rate="1" complexity="0">
          <lines>
            <line number="12" hits="2" branch="False"/>
            <line number="13" hits="2" branch="False"/>
            <line number="14" hits="0" branch="False"/>
            <line number="15" hits="0" branch="False"/>
            <line number="20" hits="1" branch="False"/>
          </lines>
        </class>
      </classes>
    </package>
  </packages>
</coverage>
