<?xml version="1.0" encoding="UTF-8"?>
<coverage version="1" timestamp="1709913600" lines-valid="80" lines-covered="60" line-rate="0.75" branches-valid="10" branches-covered="7" branch-rate="0.7" complexity="0">
  <packages>
    <package name="com.example.app" line-rate="0.75" branch-rate="0.7" complexity="0">
      <classes>
        <class name="com.example.app.UserRepository" filename="com/example/app/UserRepository.java" line-rate="0.8" branch-rate="1" complexity="0">
          <lines>
            <line number="15" hits="4" branch="False"/>
            <line number="16" hits="4" branch="False"/>
            <line number="17" hits="0" branch="False"/>
            <line number="20" hits="3" branch="False"/>
            <line number="21" hits="3" branch="False"/>
            <line number="30" hits="0" branch="False"/>
          </lines>
        </class>
        <class name="com.example.app.AuthService" filename="com/example/app/AuthService.java" line-rate="0.7" branch-rate="0.5" complexity="0">
          <lines>
            <line number="10" hits="5" branch="False"/>
            <line number="11" hits="5" branch="False"/>
            <line number="12" hits="0" branch="False"/>
            <line number="25" hits="2" branch="True" condition-coverage="50% (1/2)"/>
            <line number="26" hits="1" branch="False"/>
            <line number="27" hits="0" branch="False"/>
          </lines>
        </class>
      </classes>
    </package>
  </packages>
</coverage>
