<?xml version="1.0" ?>
<coverage version="7.4.0" timestamp="1709913600" lines-valid="60" lines-covered="48" line-rate="0.8" branch-rate="0" complexity="0">
  <packages>
    <package name="myapp" line-rate="0.8" branch-rate="0" complexity="0">
      <classes>
        <class name="views.py" filename="myapp/views.py" line-rate="0.85" branch-rate="0" complexity="0">
          <lines>
            <line number="1" hits="1"/>
            <line number="5" hits="1"/>
            <line number="6" hits="1"/>
            <line number="10" hits="0"/>
            <line number="11" hits="0"/>
            <line number="15" hits="1"/>
            <line number="16" hits="1"/>
          </lines>
        </class>
        <class name="models.py" filename="myapp/models.py" line-rate="1.0" branch-rate="0" complexity="0">
          <lines>
            <line number="3" hits="2"/>
            <line number="4" hits="2"/>
            <line number="8" hits="1"/>
            <line number="9" hits="1"/>
          </lines>
        </class>
      </classes>
    </package>
  </packages>
</coverage>
